<?xml version="1.0" encoding="UTF-8"?>
<!-- Generated by org.testng.reporters.JUnitXMLReporter -->
<testsuite ignored="0" hostname="Yasmins-Air" failures="0" tests="4" name="Default test" time="22.658" errors="0" timestamp="2023-12-08T10:14:50 EST">
  <testcase classname="test.LoginPageTest" name="validationOfUrl" time="0.175"/>
  <testcase classname="test.LoginPageTest" name="validationOfTitle" time="0.06"/>
  <testcase classname="test.LoginPageTest" name="validationOfLoginFunctionality" time="2.831"/>
  <testcase classname="test.LoginPageTest" name="validationFunctionalityWithInvalidData" time="1.051"/>
</testsuite> <!-- Default test -->
